# JRE version: OpenJDK Runtime Environment (17.0.6) (build 17.0.6+0-b2043.56-10027231)
# Java VM: OpenJDK 64-Bit Server VM (17.0.6+0-b2043.56-10027231, mixed mode, tiered, compressed oops, compressed class ptrs, g1 gc, windows-amd64)
GC Precious Log:
 CPUs: 8 total, 8 available
 Memory: 8066M
 Large Page Support: Disabled
 NUMA Support: Disabled
 Compressed Oops: Enabled (32-bit)
 Heap Region Size: 1M
 Heap Min Capacity: 8M
 Heap Initial Capacity: 128M
 Heap Max Capacity: 2G
 Pre-touch: Disabled
 Parallel Workers: 8
 Concurrent Workers: 2
 Concurrent Refinement Workers: 8
 Periodic GC: Disabled
Heap:
 garbage-first heap   total 276480K, used 229443K [0x0000000080000000, 0x0000000100000000)
  region size 1024K, 132 young (135168K), 15 survivors (15360K)
 Metaspace       used 116226K, committed 116928K, reserved 1155072K
  class space    used 16280K, committed 16576K, reserved 1048576K
GC Heap History (20 events):
Event: 10.998 GC heap before
{Heap before GC invocations=31 (full 0):
 garbage-first heap   total 113664K, used 89050K [0x0000000080000000, 0x0000000100000000)
  region size 1024K, 34 young (34816K), 5 survivors (5120K)
 Metaspace       used 77706K, committed 78208K, reserved 1122304K
  class space    used 10503K, committed 10752K, reserved 1048576K
}
Event: 11.006 GC heap after
{Heap after GC invocations=32 (full 0):
 garbage-first heap   total 137216K, used 61238K [0x0000000080000000, 0x0000000100000000)
  region size 1024K, 5 young (5120K), 5 survivors (5120K)
 Metaspace       used 77706K, committed 78208K, reserved 1122304K
  class space    used 10503K, committed 10752K, reserved 1048576K
}
Event: 11.749 GC heap before
{Heap before GC invocations=33 (full 0):
 garbage-first heap   total 137216K, used 106294K [0x0000000080000000, 0x0000000100000000)
  region size 1024K, 49 young (50176K), 5 survivors (5120K)
 Metaspace       used 79719K, committed 80256K, reserved 1122304K
  class space    used 10763K, committed 11008K, reserved 1048576K
}
Event: 11.759 GC heap after
{Heap after GC invocations=34 (full 0):
 garbage-first heap   total 137216K, used 66532K [0x0000000080000000, 0x0000000100000000)
  region size 1024K, 7 young (7168K), 7 survivors (7168K)
 Metaspace       used 79719K, committed 80256K, reserved 1122304K
  class space    used 10763K, committed 11008K, reserved 1048576K
}
Event: 12.432 GC heap before
{Heap before GC invocations=34 (full 0):
 garbage-first heap   total 137216K, used 106468K [0x0000000080000000, 0x0000000100000000)
  region size 1024K, 47 young (48128K), 7 survivors (7168K)
 Metaspace       used 81825K, committed 82432K, reserved 1122304K
  class space    used 11167K, committed 11456K, reserved 1048576K
}
Event: 12.444 GC heap after
{Heap after GC invocations=35 (full 0):
 garbage-first heap   total 137216K, used 72737K [0x0000000080000000, 0x0000000100000000)
  region size 1024K, 6 young (6144K), 6 survivors (6144K)
 Metaspace       used 81825K, committed 82432K, reserved 1122304K
  class space    used 11167K, committed 11456K, reserved 1048576K
}
Event: 12.898 GC heap before
{Heap before GC invocations=35 (full 0):
 garbage-first heap   total 137216K, used 108577K [0x0000000080000000, 0x0000000100000000)
  region size 1024K, 42 young (43008K), 6 survivors (6144K)
 Metaspace       used 82380K, committed 82944K, reserved 1122304K
  class space    used 11278K, committed 11520K, reserved 1048576K
}
Event: 12.909 GC heap after
{Heap after GC invocations=36 (full 0):
 garbage-first heap   total 137216K, used 74989K [0x0000000080000000, 0x0000000100000000)
  region size 1024K, 3 young (3072K), 3 survivors (3072K)
 Metaspace       used 82380K, committed 82944K, reserved 1122304K
  class space    used 11278K, committed 11520K, reserved 1048576K
}
Event: 13.564 GC heap before
{Heap before GC invocations=37 (full 0):
 garbage-first heap   total 138240K, used 108781K [0x0000000080000000, 0x0000000100000000)
  region size 1024K, 37 young (37888K), 3 survivors (3072K)
 Metaspace       used 82889K, committed 83456K, reserved 1122304K
  class space    used 11326K, committed 11584K, reserved 1048576K
}
Event: 13.571 GC heap after
{Heap after GC invocations=38 (full 0):
 garbage-first heap   total 138240K, used 78238K [0x0000000080000000, 0x0000000100000000)
  region size 1024K, 5 young (5120K), 5 survivors (5120K)
 Metaspace       used 82889K, committed 83456K, reserved 1122304K
  class space    used 11326K, committed 11584K, reserved 1048576K
}
Event: 13.581 GC heap before
{Heap before GC invocations=38 (full 0):
 garbage-first heap   total 138240K, used 78238K [0x0000000080000000, 0x0000000100000000)
  region size 1024K, 6 young (6144K), 5 survivors (5120K)
 Metaspace       used 82899K, committed 83456K, reserved 1122304K
  class space    used 11326K, committed 11584K, reserved 1048576K
}
Event: 13.586 GC heap after
{Heap after GC invocations=39 (full 0):
 garbage-first heap   total 138240K, used 79271K [0x0000000080000000, 0x0000000100000000)
  region size 1024K, 1 young (1024K), 1 survivors (1024K)
 Metaspace       used 82899K, committed 83456K, reserved 1122304K
  class space    used 11326K, committed 11584K, reserved 1048576K
}
Event: 14.191 GC heap before
{Heap before GC invocations=39 (full 0):
 garbage-first heap   total 138240K, used 112039K [0x0000000080000000, 0x0000000100000000)
  region size 1024K, 34 young (34816K), 1 survivors (1024K)
 Metaspace       used 85209K, committed 85824K, reserved 1130496K
  class space    used 11576K, committed 11840K, reserved 1048576K
}
Event: 14.198 GC heap after
{Heap after GC invocations=40 (full 0):
 garbage-first heap   total 276480K, used 80489K [0x0000000080000000, 0x0000000100000000)
  region size 1024K, 3 young (3072K), 3 survivors (3072K)
 Metaspace       used 85209K, committed 85824K, reserved 1130496K
  class space    used 11576K, committed 11840K, reserved 1048576K
}
Event: 17.553 GC heap before
{Heap before GC invocations=41 (full 0):
 garbage-first heap   total 276480K, used 219753K [0x0000000080000000, 0x0000000100000000)
  region size 1024K, 138 young (141312K), 3 survivors (3072K)
 Metaspace       used 94551K, committed 95168K, reserved 1138688K
  class space    used 12685K, committed 12992K, reserved 1048576K
}
Event: 17.563 GC heap after
{Heap after GC invocations=42 (full 0):
 garbage-first heap   total 276480K, used 87297K [0x0000000080000000, 0x0000000100000000)
  region size 1024K, 7 young (7168K), 7 survivors (7168K)
 Metaspace       used 94551K, committed 95168K, reserved 1138688K
  class space    used 12685K, committed 12992K, reserved 1048576K
}
Event: 17.591 GC heap before
{Heap before GC invocations=42 (full 0):
 garbage-first heap   total 276480K, used 93441K [0x0000000080000000, 0x0000000100000000)
  region size 1024K, 13 young (13312K), 7 survivors (7168K)
 Metaspace       used 94573K, committed 95232K, reserved 1138688K
  class space    used 12685K, committed 12992K, reserved 1048576K
}
Event: 17.602 GC heap after
{Heap after GC invocations=43 (full 0):
 garbage-first heap   total 276480K, used 84831K [0x0000000080000000, 0x0000000100000000)
  region size 1024K, 1 young (1024K), 1 survivors (1024K)
 Metaspace       used 94573K, committed 95232K, reserved 1138688K
  class space    used 12685K, committed 12992K, reserved 1048576K
}
Event: 20.846 GC heap before
{Heap before GC invocations=43 (full 0):
 garbage-first heap   total 276480K, used 231263K [0x0000000080000000, 0x0000000100000000)
  region size 1024K, 143 young (146432K), 1 survivors (1024K)
 Metaspace       used 106893K, committed 107520K, reserved 1146880K
  class space    used 14854K, committed 15168K, reserved 1048576K
}
Event: 20.869 GC heap after
{Heap after GC invocations=44 (full 0):
 garbage-first heap   total 276480K, used 98371K [0x0000000080000000, 0x0000000100000000)
  region size 1024K, 15 young (15360K), 15 survivors (15360K)
 Metaspace       used 106893K, committed 107520K, reserved 1146880K
  class space    used 14854K, committed 15168K, reserved 1048576K
}

