# JRE version: OpenJDK Runtime Environment (17.0.6) (build 17.0.6+0-b2043.56-10027231)
# Java VM: OpenJDK 64-Bit Server VM (17.0.6+0-b2043.56-10027231, mixed mode, tiered, compressed oops, compressed class ptrs, g1 gc, windows-amd64)
GC Precious Log:
 CPUs: 8 total, 8 available
 Memory: 8066M
 Large Page Support: Disabled
 NUMA Support: Disabled
 Compressed Oops: Enabled (32-bit)
 Heap Region Size: 1M
 Heap Min Capacity: 8M
 Heap Initial Capacity: 128M
 Heap Max Capacity: 2G
 Pre-touch: Disabled
 Parallel Workers: 8
 Concurrent Workers: 2
 Concurrent Refinement Workers: 8
 Periodic GC: Disabled
Heap:
 garbage-first heap   total 194560K, used 95183K [0x0000000080000000, 0x0000000100000000)
  region size 1024K, 6 young (6144K), 6 survivors (6144K)
 Metaspace       used 93377K, committed 94016K, reserved 1130496K
  class space    used 12544K, committed 12864K, reserved 1048576K
GC Heap History (20 events):
Event: 13.320 GC heap after
{Heap after GC invocations=27 (full 0):
 garbage-first heap   total 138240K, used 70356K [0x0000000080000000, 0x0000000100000000)
  region size 1024K, 7 young (7168K), 7 survivors (7168K)
 Metaspace       used 81579K, committed 82112K, reserved 1122304K
  class space    used 11103K, committed 11328K, reserved 1048576K
}
Event: 13.785 GC heap before
{Heap before GC invocations=27 (full 0):
 garbage-first heap   total 138240K, used 110292K [0x0000000080000000, 0x0000000100000000)
  region size 1024K, 47 young (48128K), 7 survivors (7168K)
 Metaspace       used 82353K, committed 82880K, reserved 1122304K
  class space    used 11255K, committed 11520K, reserved 1048576K
}
Event: 13.795 GC heap after
{Heap after GC invocations=28 (full 0):
 garbage-first heap   total 138240K, used 73394K [0x0000000080000000, 0x0000000100000000)
  region size 1024K, 3 young (3072K), 3 survivors (3072K)
 Metaspace       used 82353K, committed 82880K, reserved 1122304K
  class space    used 11255K, committed 11520K, reserved 1048576K
}
Event: 14.137 GC heap before
{Heap before GC invocations=29 (full 0):
 garbage-first heap   total 138240K, used 90802K [0x0000000080000000, 0x0000000100000000)
  region size 1024K, 22 young (22528K), 3 survivors (3072K)
 Metaspace       used 83477K, committed 84032K, reserved 1122304K
  class space    used 11358K, committed 11584K, reserved 1048576K
}
Event: 14.142 GC heap after
{Heap after GC invocations=30 (full 0):
 garbage-first heap   total 138240K, used 74420K [0x0000000080000000, 0x0000000100000000)
  region size 1024K, 4 young (4096K), 4 survivors (4096K)
 Metaspace       used 83477K, committed 84032K, reserved 1122304K
  class space    used 11358K, committed 11584K, reserved 1048576K
}
Event: 14.661 GC heap before
{Heap before GC invocations=31 (full 0):
 garbage-first heap   total 138240K, used 114356K [0x0000000080000000, 0x0000000100000000)
  region size 1024K, 42 young (43008K), 4 survivors (4096K)
 Metaspace       used 84723K, committed 85312K, reserved 1122304K
  class space    used 11503K, committed 11776K, reserved 1048576K
}
Event: 14.673 GC heap after
{Heap after GC invocations=32 (full 0):
 garbage-first heap   total 138240K, used 88892K [0x0000000080000000, 0x0000000100000000)
  region size 1024K, 6 young (6144K), 6 survivors (6144K)
 Metaspace       used 84723K, committed 85312K, reserved 1122304K
  class space    used 11503K, committed 11776K, reserved 1048576K
}
Event: 14.792 GC heap before
{Heap before GC invocations=32 (full 0):
 garbage-first heap   total 138240K, used 97084K [0x0000000080000000, 0x0000000100000000)
  region size 1024K, 15 young (15360K), 6 survivors (6144K)
 Metaspace       used 84782K, committed 85376K, reserved 1122304K
  class space    used 11503K, committed 11776K, reserved 1048576K
}
Event: 14.804 GC heap after
{Heap after GC invocations=33 (full 0):
 garbage-first heap   total 167936K, used 97280K [0x0000000080000000, 0x0000000100000000)
  region size 1024K, 4 young (4096K), 4 survivors (4096K)
 Metaspace       used 84782K, committed 85376K, reserved 1122304K
  class space    used 11503K, committed 11776K, reserved 1048576K
}
Event: 15.238 GC heap before
{Heap before GC invocations=34 (full 0):
 garbage-first heap   total 194560K, used 136192K [0x0000000080000000, 0x0000000100000000)
  region size 1024K, 26 young (26624K), 4 survivors (4096K)
 Metaspace       used 87218K, committed 87808K, reserved 1130496K
  class space    used 11791K, committed 12096K, reserved 1048576K
}
Event: 15.247 GC heap after
{Heap after GC invocations=35 (full 0):
 garbage-first heap   total 194560K, used 99299K [0x0000000080000000, 0x0000000100000000)
  region size 1024K, 2 young (2048K), 2 survivors (2048K)
 Metaspace       used 87218K, committed 87808K, reserved 1130496K
  class space    used 11791K, committed 12096K, reserved 1048576K
}
Event: 15.334 GC heap before
{Heap before GC invocations=35 (full 0):
 garbage-first heap   total 194560K, used 105443K [0x0000000080000000, 0x0000000100000000)
  region size 1024K, 9 young (9216K), 2 survivors (2048K)
 Metaspace       used 87764K, committed 88384K, reserved 1130496K
  class space    used 11851K, committed 12160K, reserved 1048576K
}
Event: 15.339 GC heap after
{Heap after GC invocations=36 (full 0):
 garbage-first heap   total 194560K, used 100155K [0x0000000080000000, 0x0000000100000000)
  region size 1024K, 2 young (2048K), 2 survivors (2048K)
 Metaspace       used 87764K, committed 88384K, reserved 1130496K
  class space    used 11851K, committed 12160K, reserved 1048576K
}
Event: 15.664 GC heap before
{Heap before GC invocations=36 (full 0):
 garbage-first heap   total 194560K, used 134971K [0x0000000080000000, 0x0000000100000000)
  region size 1024K, 37 young (37888K), 2 survivors (2048K)
 Metaspace       used 88580K, committed 89216K, reserved 1130496K
  class space    used 11924K, committed 12224K, reserved 1048576K
}
Event: 15.670 GC heap after
{Heap after GC invocations=37 (full 0):
 garbage-first heap   total 194560K, used 102355K [0x0000000080000000, 0x0000000100000000)
  region size 1024K, 4 young (4096K), 4 survivors (4096K)
 Metaspace       used 88580K, committed 89216K, reserved 1130496K
  class space    used 11924K, committed 12224K, reserved 1048576K
}
Event: 16.181 GC heap before
{Heap before GC invocations=38 (full 0):
 garbage-first heap   total 194560K, used 127955K [0x0000000080000000, 0x0000000100000000)
  region size 1024K, 41 young (41984K), 4 survivors (4096K)
 Metaspace       used 89684K, committed 90240K, reserved 1130496K
  class space    used 12053K, committed 12352K, reserved 1048576K
}
Event: 16.190 GC heap after
{Heap after GC invocations=39 (full 0):
 garbage-first heap   total 194560K, used 93624K [0x0000000080000000, 0x0000000100000000)
  region size 1024K, 6 young (6144K), 6 survivors (6144K)
 Metaspace       used 89684K, committed 90240K, reserved 1130496K
  class space    used 12053K, committed 12352K, reserved 1048576K
}
Event: 16.224 GC heap before
{Heap before GC invocations=39 (full 0):
 garbage-first heap   total 194560K, used 95672K [0x0000000080000000, 0x0000000100000000)
  region size 1024K, 9 young (9216K), 6 survivors (6144K)
 Metaspace       used 89808K, committed 90368K, reserved 1130496K
  class space    used 12070K, committed 12352K, reserved 1048576K
}
Event: 16.232 GC heap after
{Heap after GC invocations=40 (full 0):
 garbage-first heap   total 194560K, used 90182K [0x0000000080000000, 0x0000000100000000)
  region size 1024K, 1 young (1024K), 1 survivors (1024K)
 Metaspace       used 89808K, committed 90368K, reserved 1130496K
  class space    used 12070K, committed 12352K, reserved 1048576K
}
Event: 19.606 GC heap before
{Heap before GC invocations=40 (full 0):
 garbage-first heap   total 194560K, used 137286K [0x0000000080000000, 0x0000000100000000)
  region size 1024K, 48 young (49152K), 1 survivors (1024K)
 Metaspace       used 93377K, committed 94016K, reserved 1130496K
  class space    used 12544K, committed 12864K, reserved 1048576K
}

