# JRE version: OpenJDK Runtime Environment (17.0.6) (build 17.0.6+0-b2043.56-10027231)
# Java VM: OpenJDK 64-Bit Server VM (17.0.6+0-b2043.56-10027231, mixed mode, tiered, compressed oops, compressed class ptrs, g1 gc, windows-amd64)
GC Precious Log:
 CPUs: 8 total, 8 available
 Memory: 8066M
 Large Page Support: Disabled
 NUMA Support: Disabled
 Compressed Oops: Enabled (32-bit)
 Heap Region Size: 1M
 Heap Min Capacity: 8M
 Heap Initial Capacity: 128M
 Heap Max Capacity: 2G
 Pre-touch: Disabled
 Parallel Workers: 8
 Concurrent Workers: 2
 Concurrent Refinement Workers: 8
 Periodic GC: Disabled
Heap:
 garbage-first heap   total 294912K, used 242616K [0x0000000080000000, 0x0000000100000000)
  region size 1024K, 3 young (3072K), 3 survivors (3072K)
 Metaspace       used 123340K, committed 124288K, reserved 1163264K
  class space    used 16069K, committed 16576K, reserved 1048576K
GC Heap History (20 events):
Event: 327.201 GC heap after
{Heap after GC invocations=69 (full 0):
 garbage-first heap   total 294912K, used 205706K [0x0000000080000000, 0x0000000100000000)
  region size 1024K, 7 young (7168K), 7 survivors (7168K)
 Metaspace       used 114596K, committed 115456K, reserved 1155072K
  class space    used 14857K, committed 15296K, reserved 1048576K
}
Event: 328.956 GC heap before
{Heap before GC invocations=69 (full 0):
 garbage-first heap   total 294912K, used 250762K [0x0000000080000000, 0x0000000100000000)
  region size 1024K, 52 young (53248K), 7 survivors (7168K)
 Metaspace       used 114990K, committed 115904K, reserved 1155072K
  class space    used 14917K, committed 15360K, reserved 1048576K
}
Event: 328.971 GC heap after
{Heap after GC invocations=70 (full 0):
 garbage-first heap   total 294912K, used 209323K [0x0000000080000000, 0x0000000100000000)
  region size 1024K, 4 young (4096K), 4 survivors (4096K)
 Metaspace       used 114990K, committed 115904K, reserved 1155072K
  class space    used 14917K, committed 15360K, reserved 1048576K
}
Event: 330.809 GC heap before
{Heap before GC invocations=70 (full 0):
 garbage-first heap   total 294912K, used 253355K [0x0000000080000000, 0x0000000100000000)
  region size 1024K, 46 young (47104K), 4 survivors (4096K)
 Metaspace       used 115602K, committed 116544K, reserved 1155072K
  class space    used 14984K, committed 15424K, reserved 1048576K
}
Event: 330.816 GC heap after
{Heap after GC invocations=71 (full 0):
 garbage-first heap   total 294912K, used 210012K [0x0000000080000000, 0x0000000100000000)
  region size 1024K, 3 young (3072K), 3 survivors (3072K)
 Metaspace       used 115602K, committed 116544K, reserved 1155072K
  class space    used 14984K, committed 15424K, reserved 1048576K
}
Event: 334.852 GC heap before
{Heap before GC invocations=71 (full 0):
 garbage-first heap   total 294912K, used 251996K [0x0000000080000000, 0x0000000100000000)
  region size 1024K, 45 young (46080K), 3 survivors (3072K)
 Metaspace       used 115959K, committed 116928K, reserved 1155072K
  class space    used 15000K, committed 15488K, reserved 1048576K
}
Event: 334.856 GC heap after
{Heap after GC invocations=72 (full 0):
 garbage-first heap   total 294912K, used 210549K [0x0000000080000000, 0x0000000100000000)
  region size 1024K, 4 young (4096K), 4 survivors (4096K)
 Metaspace       used 115959K, committed 116928K, reserved 1155072K
  class space    used 15000K, committed 15488K, reserved 1048576K
}
Event: 335.351 GC heap before
{Heap before GC invocations=72 (full 0):
 garbage-first heap   total 294912K, used 252533K [0x0000000080000000, 0x0000000100000000)
  region size 1024K, 46 young (47104K), 4 survivors (4096K)
 Metaspace       used 116979K, committed 117952K, reserved 1155072K
  class space    used 15147K, committed 15616K, reserved 1048576K
}
Event: 335.359 GC heap after
{Heap after GC invocations=73 (full 0):
 garbage-first heap   total 294912K, used 213373K [0x0000000080000000, 0x0000000100000000)
  region size 1024K, 6 young (6144K), 6 survivors (6144K)
 Metaspace       used 116979K, committed 117952K, reserved 1155072K
  class space    used 15147K, committed 15616K, reserved 1048576K
}
Event: 335.502 GC heap before
{Heap before GC invocations=73 (full 0):
 garbage-first heap   total 294912K, used 253309K [0x0000000080000000, 0x0000000100000000)
  region size 1024K, 46 young (47104K), 6 survivors (6144K)
 Metaspace       used 117796K, committed 118784K, reserved 1155072K
  class space    used 15245K, committed 15744K, reserved 1048576K
}
Event: 335.510 GC heap after
{Heap after GC invocations=74 (full 0):
 garbage-first heap   total 294912K, used 224233K [0x0000000080000000, 0x0000000100000000)
  region size 1024K, 6 young (6144K), 6 survivors (6144K)
 Metaspace       used 117796K, committed 118784K, reserved 1155072K
  class space    used 15245K, committed 15744K, reserved 1048576K
}
Event: 335.841 GC heap before
{Heap before GC invocations=74 (full 0):
 garbage-first heap   total 294912K, used 250857K [0x0000000080000000, 0x0000000100000000)
  region size 1024K, 33 young (33792K), 6 survivors (6144K)
 Metaspace       used 120105K, committed 121088K, reserved 1155072K
  class space    used 15610K, committed 16128K, reserved 1048576K
}
Event: 335.847 GC heap after
{Heap after GC invocations=75 (full 0):
 garbage-first heap   total 294912K, used 227940K [0x0000000080000000, 0x0000000100000000)
  region size 1024K, 5 young (5120K), 5 survivors (5120K)
 Metaspace       used 120105K, committed 121088K, reserved 1155072K
  class space    used 15610K, committed 16128K, reserved 1048576K
}
Event: 336.061 GC heap before
{Heap before GC invocations=75 (full 0):
 garbage-first heap   total 294912K, used 251492K [0x0000000080000000, 0x0000000100000000)
  region size 1024K, 29 young (29696K), 5 survivors (5120K)
 Metaspace       used 121075K, committed 122048K, reserved 1155072K
  class space    used 15752K, committed 16256K, reserved 1048576K
}
Event: 336.075 GC heap after
{Heap after GC invocations=76 (full 0):
 garbage-first heap   total 294912K, used 231166K [0x0000000080000000, 0x0000000100000000)
  region size 1024K, 4 young (4096K), 4 survivors (4096K)
 Metaspace       used 121075K, committed 122048K, reserved 1155072K
  class space    used 15752K, committed 16256K, reserved 1048576K
}
Event: 336.342 GC heap before
{Heap before GC invocations=76 (full 0):
 garbage-first heap   total 294912K, used 252670K [0x0000000080000000, 0x0000000100000000)
  region size 1024K, 26 young (26624K), 4 survivors (4096K)
 Metaspace       used 122267K, committed 123200K, reserved 1163264K
  class space    used 15909K, committed 16384K, reserved 1048576K
}
Event: 336.355 GC heap after
{Heap after GC invocations=77 (full 0):
 garbage-first heap   total 294912K, used 235304K [0x0000000080000000, 0x0000000100000000)
  region size 1024K, 4 young (4096K), 4 survivors (4096K)
 Metaspace       used 122267K, committed 123200K, reserved 1163264K
  class space    used 15909K, committed 16384K, reserved 1048576K
}
Event: 336.564 GC heap before
{Heap before GC invocations=77 (full 0):
 garbage-first heap   total 294912K, used 254760K [0x0000000080000000, 0x0000000100000000)
  region size 1024K, 23 young (23552K), 4 survivors (4096K)
 Metaspace       used 123071K, committed 124032K, reserved 1163264K
  class space    used 16023K, committed 16512K, reserved 1048576K
}
Event: 336.575 GC heap after
{Heap after GC invocations=78 (full 0):
 garbage-first heap   total 294912K, used 239160K [0x0000000080000000, 0x0000000100000000)
  region size 1024K, 3 young (3072K), 3 survivors (3072K)
 Metaspace       used 123071K, committed 124032K, reserved 1163264K
  class space    used 16023K, committed 16512K, reserved 1048576K
}
Event: 336.769 GC heap before
{Heap before GC invocations=78 (full 0):
 garbage-first heap   total 294912K, used 254520K [0x0000000080000000, 0x0000000100000000)
  region size 1024K, 19 young (19456K), 3 survivors (3072K)
 Metaspace       used 123340K, committed 124288K, reserved 1163264K
  class space    used 16069K, committed 16576K, reserved 1048576K
}

