# JRE version: OpenJDK Runtime Environment (17.0.6) (build 17.0.6+0-b2043.56-10027231)
# Java VM: OpenJDK 64-Bit Server VM (17.0.6+0-b2043.56-10027231, mixed mode, tiered, compressed oops, compressed class ptrs, g1 gc, windows-amd64)
GC Precious Log:
 CPUs: 8 total, 8 available
 Memory: 8066M
 Large Page Support: Disabled
 NUMA Support: Disabled
 Compressed Oops: Enabled (32-bit)
 Heap Region Size: 1M
 Heap Min Capacity: 8M
 Heap Initial Capacity: 128M
 Heap Max Capacity: 2G
 Pre-touch: Disabled
 Parallel Workers: 8
 Concurrent Workers: 2
 Concurrent Refinement Workers: 8
 Periodic GC: Disabled
Heap:
 garbage-first heap   total 243712K, used 140492K [0x0000000080000000, 0x0000000100000000)
  region size 1024K, 58 young (59392K), 14 survivors (14336K)
 Metaspace       used 93121K, committed 93696K, reserved 1130496K
  class space    used 12690K, committed 12992K, reserved 1048576K
GC Heap History (20 events):
Event: 10.008 GC heap before
{Heap before GC invocations=28 (full 0):
 garbage-first heap   total 101376K, used 82415K [0x0000000080000000, 0x0000000100000000)
  region size 1024K, 29 young (29696K), 3 survivors (3072K)
 Metaspace       used 72087K, committed 72576K, reserved 1114112K
  class space    used 9661K, committed 9856K, reserved 1048576K
}
Event: 10.014 GC heap after
{Heap after GC invocations=29 (full 0):
 garbage-first heap   total 101376K, used 57682K [0x0000000080000000, 0x0000000100000000)
  region size 1024K, 4 young (4096K), 4 survivors (4096K)
 Metaspace       used 72087K, committed 72576K, reserved 1114112K
  class space    used 9661K, committed 9856K, reserved 1048576K
}
Event: 10.546 GC heap before
{Heap before GC invocations=29 (full 0):
 garbage-first heap   total 101376K, used 82258K [0x0000000080000000, 0x0000000100000000)
  region size 1024K, 29 young (29696K), 4 survivors (4096K)
 Metaspace       used 74955K, committed 75520K, reserved 1114112K
  class space    used 10100K, committed 10368K, reserved 1048576K
}
Event: 10.552 GC heap after
{Heap after GC invocations=30 (full 0):
 garbage-first heap   total 101376K, used 59259K [0x0000000080000000, 0x0000000100000000)
  region size 1024K, 4 young (4096K), 4 survivors (4096K)
 Metaspace       used 74955K, committed 75520K, reserved 1114112K
  class space    used 10100K, committed 10368K, reserved 1048576K
}
Event: 11.115 GC heap before
{Heap before GC invocations=31 (full 0):
 garbage-first heap   total 106496K, used 82811K [0x0000000080000000, 0x0000000100000000)
  region size 1024K, 27 young (27648K), 4 survivors (4096K)
 Metaspace       used 78263K, committed 78784K, reserved 1122304K
  class space    used 10573K, committed 10816K, reserved 1048576K
}
Event: 11.122 GC heap after
{Heap after GC invocations=32 (full 0):
 garbage-first heap   total 106496K, used 61115K [0x0000000080000000, 0x0000000100000000)
  region size 1024K, 4 young (4096K), 4 survivors (4096K)
 Metaspace       used 78263K, committed 78784K, reserved 1122304K
  class space    used 10573K, committed 10816K, reserved 1048576K
}
Event: 11.682 GC heap before
{Heap before GC invocations=32 (full 0):
 garbage-first heap   total 106496K, used 87739K [0x0000000080000000, 0x0000000100000000)
  region size 1024K, 30 young (30720K), 4 survivors (4096K)
 Metaspace       used 79630K, committed 80128K, reserved 1122304K
  class space    used 10744K, committed 11008K, reserved 1048576K
}
Event: 11.692 GC heap after
{Heap after GC invocations=33 (full 0):
 garbage-first heap   total 106496K, used 64174K [0x0000000080000000, 0x0000000100000000)
  region size 1024K, 4 young (4096K), 4 survivors (4096K)
 Metaspace       used 79630K, committed 80128K, reserved 1122304K
  class space    used 10744K, committed 11008K, reserved 1048576K
}
Event: 12.004 GC heap before
{Heap before GC invocations=34 (full 0):
 garbage-first heap   total 121856K, used 86702K [0x0000000080000000, 0x0000000100000000)
  region size 1024K, 26 young (26624K), 4 survivors (4096K)
 Metaspace       used 79710K, committed 80192K, reserved 1122304K
  class space    used 10757K, committed 11008K, reserved 1048576K
}
Event: 12.014 GC heap after
{Heap after GC invocations=35 (full 0):
 garbage-first heap   total 121856K, used 68300K [0x0000000080000000, 0x0000000100000000)
  region size 1024K, 4 young (4096K), 4 survivors (4096K)
 Metaspace       used 79710K, committed 80192K, reserved 1122304K
  class space    used 10757K, committed 11008K, reserved 1048576K
}
Event: 12.024 GC heap before
{Heap before GC invocations=35 (full 0):
 garbage-first heap   total 121856K, used 69324K [0x0000000080000000, 0x0000000100000000)
  region size 1024K, 5 young (5120K), 4 survivors (4096K)
 Metaspace       used 79710K, committed 80192K, reserved 1122304K
  class space    used 10757K, committed 11008K, reserved 1048576K
}
Event: 12.029 GC heap after
{Heap after GC invocations=36 (full 0):
 garbage-first heap   total 121856K, used 69048K [0x0000000080000000, 0x0000000100000000)
  region size 1024K, 1 young (1024K), 1 survivors (1024K)
 Metaspace       used 79710K, committed 80192K, reserved 1122304K
  class space    used 10757K, committed 11008K, reserved 1048576K
}
Event: 12.606 GC heap before
{Heap before GC invocations=36 (full 0):
 garbage-first heap   total 121856K, used 98744K [0x0000000080000000, 0x0000000100000000)
  region size 1024K, 30 young (30720K), 1 survivors (1024K)
 Metaspace       used 81834K, committed 82368K, reserved 1122304K
  class space    used 11173K, committed 11456K, reserved 1048576K
}
Event: 12.615 GC heap after
{Heap after GC invocations=37 (full 0):
 garbage-first heap   total 243712K, used 71451K [0x0000000080000000, 0x0000000100000000)
  region size 1024K, 4 young (4096K), 4 survivors (4096K)
 Metaspace       used 81834K, committed 82368K, reserved 1122304K
  class space    used 11173K, committed 11456K, reserved 1048576K
}
Event: 14.076 GC heap before
{Heap before GC invocations=38 (full 0):
 garbage-first heap   total 243712K, used 177947K [0x0000000080000000, 0x0000000100000000)
  region size 1024K, 109 young (111616K), 4 survivors (4096K)
 Metaspace       used 84616K, committed 85120K, reserved 1130496K
  class space    used 11481K, committed 11712K, reserved 1048576K
}
Event: 14.092 GC heap after
{Heap after GC invocations=39 (full 0):
 garbage-first heap   total 243712K, used 79320K [0x0000000080000000, 0x0000000100000000)
  region size 1024K, 11 young (11264K), 11 survivors (11264K)
 Metaspace       used 84616K, committed 85120K, reserved 1130496K
  class space    used 11481K, committed 11712K, reserved 1048576K
}
Event: 14.100 GC heap before
{Heap before GC invocations=39 (full 0):
 garbage-first heap   total 243712K, used 79320K [0x0000000080000000, 0x0000000100000000)
  region size 1024K, 12 young (12288K), 11 survivors (11264K)
 Metaspace       used 84627K, committed 85120K, reserved 1130496K
  class space    used 11481K, committed 11712K, reserved 1048576K
}
Event: 14.113 GC heap after
{Heap after GC invocations=40 (full 0):
 garbage-first heap   total 243712K, used 80261K [0x0000000080000000, 0x0000000100000000)
  region size 1024K, 2 young (2048K), 2 survivors (2048K)
 Metaspace       used 84627K, committed 85120K, reserved 1130496K
  class space    used 11481K, committed 11712K, reserved 1048576K
}
Event: 15.215 GC heap before
{Heap before GC invocations=40 (full 0):
 garbage-first heap   total 243712K, used 184709K [0x0000000080000000, 0x0000000100000000)
  region size 1024K, 105 young (107520K), 2 survivors (2048K)
 Metaspace       used 89500K, committed 90112K, reserved 1130496K
  class space    used 12149K, committed 12416K, reserved 1048576K
}
Event: 15.228 GC heap after
{Heap after GC invocations=41 (full 0):
 garbage-first heap   total 243712K, used 97484K [0x0000000080000000, 0x0000000100000000)
  region size 1024K, 14 young (14336K), 14 survivors (14336K)
 Metaspace       used 89500K, committed 90112K, reserved 1130496K
  class space    used 12149K, committed 12416K, reserved 1048576K
}

