# JRE version: OpenJDK Runtime Environment (17.0.6) (build 17.0.6+0-b2043.56-10027231)
# Java VM: OpenJDK 64-Bit Server VM (17.0.6+0-b2043.56-10027231, mixed mode, tiered, compressed oops, compressed class ptrs, g1 gc, windows-amd64)
GC Precious Log:
 CPUs: 8 total, 8 available
 Memory: 8066M
 Large Page Support: Disabled
 NUMA Support: Disabled
 Compressed Oops: Enabled (32-bit)
 Heap Region Size: 1M
 Heap Min Capacity: 8M
 Heap Initial Capacity: 128M
 Heap Max Capacity: 2G
 Pre-touch: Disabled
 Parallel Workers: 8
 Concurrent Workers: 2
 Concurrent Refinement Workers: 8
 Periodic GC: Disabled
Heap:
 garbage-first heap   total 201728K, used 117487K [0x0000000080000000, 0x0000000100000000)
  region size 1024K, 2 young (2048K), 2 survivors (2048K)
 Metaspace       used 97128K, committed 97792K, reserved 1138688K
  class space    used 12820K, committed 13184K, reserved 1048576K
GC Heap History (20 events):
Event: 39.731 GC heap after
{Heap after GC invocations=47 (full 0):
 garbage-first heap   total 199680K, used 97341K [0x0000000080000000, 0x0000000100000000)
  region size 1024K, 11 young (11264K), 11 survivors (11264K)
 Metaspace       used 93848K, committed 94464K, reserved 1130496K
  class space    used 12569K, committed 12864K, reserved 1048576K
}
Event: 39.769 GC heap before
{Heap before GC invocations=47 (full 0):
 garbage-first heap   total 199680K, used 98365K [0x0000000080000000, 0x0000000100000000)
  region size 1024K, 12 young (12288K), 11 survivors (11264K)
 Metaspace       used 93876K, committed 94464K, reserved 1130496K
  class space    used 12569K, committed 12864K, reserved 1048576K
}
Event: 39.791 GC heap after
{Heap after GC invocations=48 (full 0):
 garbage-first heap   total 199680K, used 99272K [0x0000000080000000, 0x0000000100000000)
  region size 1024K, 2 young (2048K), 2 survivors (2048K)
 Metaspace       used 93876K, committed 94464K, reserved 1130496K
  class space    used 12569K, committed 12864K, reserved 1048576K
}
Event: 40.877 GC heap before
{Heap before GC invocations=48 (full 0):
 garbage-first heap   total 199680K, used 151496K [0x0000000080000000, 0x0000000100000000)
  region size 1024K, 54 young (55296K), 2 survivors (2048K)
 Metaspace       used 94441K, committed 95040K, reserved 1138688K
  class space    used 12633K, committed 12928K, reserved 1048576K
}
Event: 40.885 GC heap after
{Heap after GC invocations=49 (full 0):
 garbage-first heap   total 199680K, used 100733K [0x0000000080000000, 0x0000000100000000)
  region size 1024K, 4 young (4096K), 4 survivors (4096K)
 Metaspace       used 94441K, committed 95040K, reserved 1138688K
  class space    used 12633K, committed 12928K, reserved 1048576K
}
Event: 126.990 GC heap before
{Heap before GC invocations=50 (full 0):
 garbage-first heap   total 199680K, used 156029K [0x0000000080000000, 0x0000000100000000)
  region size 1024K, 59 young (60416K), 4 survivors (4096K)
 Metaspace       used 95784K, committed 96448K, reserved 1138688K
  class space    used 12775K, committed 13120K, reserved 1048576K
}
Event: 127.021 GC heap after
{Heap after GC invocations=51 (full 0):
 garbage-first heap   total 199680K, used 105189K [0x0000000080000000, 0x0000000100000000)
  region size 1024K, 8 young (8192K), 8 survivors (8192K)
 Metaspace       used 95784K, committed 96448K, reserved 1138688K
  class space    used 12775K, committed 13120K, reserved 1048576K
}
Event: 127.073 GC heap before
{Heap before GC invocations=51 (full 0):
 garbage-first heap   total 199680K, used 106213K [0x0000000080000000, 0x0000000100000000)
  region size 1024K, 9 young (9216K), 8 survivors (8192K)
 Metaspace       used 95799K, committed 96448K, reserved 1138688K
  class space    used 12775K, committed 13120K, reserved 1048576K
}
Event: 127.092 GC heap after
{Heap after GC invocations=52 (full 0):
 garbage-first heap   total 199680K, used 104462K [0x0000000080000000, 0x0000000100000000)
  region size 1024K, 1 young (1024K), 1 survivors (1024K)
 Metaspace       used 95799K, committed 96448K, reserved 1138688K
  class space    used 12775K, committed 13120K, reserved 1048576K
}
Event: 128.467 GC heap before
{Heap before GC invocations=52 (full 0):
 garbage-first heap   total 199680K, used 131086K [0x0000000080000000, 0x0000000100000000)
  region size 1024K, 29 young (29696K), 1 survivors (1024K)
 Metaspace       used 96203K, committed 96896K, reserved 1138688K
  class space    used 12793K, committed 13120K, reserved 1048576K
}
Event: 128.478 GC heap after
{Heap after GC invocations=53 (full 0):
 garbage-first heap   total 199680K, used 108323K [0x0000000080000000, 0x0000000100000000)
  region size 1024K, 5 young (5120K), 5 survivors (5120K)
 Metaspace       used 96203K, committed 96896K, reserved 1138688K
  class space    used 12793K, committed 13120K, reserved 1048576K
}
Event: 130.942 GC heap before
{Heap before GC invocations=54 (full 0):
 garbage-first heap   total 199680K, used 159523K [0x0000000080000000, 0x0000000100000000)
  region size 1024K, 57 young (58368K), 5 survivors (5120K)
 Metaspace       used 96458K, committed 97088K, reserved 1138688K
  class space    used 12796K, committed 13120K, reserved 1048576K
}
Event: 130.960 GC heap after
{Heap after GC invocations=55 (full 0):
 garbage-first heap   total 199680K, used 115712K [0x0000000080000000, 0x0000000100000000)
  region size 1024K, 8 young (8192K), 8 survivors (8192K)
 Metaspace       used 96458K, committed 97088K, reserved 1138688K
  class space    used 12796K, committed 13120K, reserved 1048576K
}
Event: 130.968 GC heap before
{Heap before GC invocations=55 (full 0):
 garbage-first heap   total 199680K, used 116736K [0x0000000080000000, 0x0000000100000000)
  region size 1024K, 9 young (9216K), 8 survivors (8192K)
 Metaspace       used 96460K, committed 97088K, reserved 1138688K
  class space    used 12796K, committed 13120K, reserved 1048576K
}
Event: 130.987 GC heap after
{Heap after GC invocations=56 (full 0):
 garbage-first heap   total 199680K, used 110182K [0x0000000080000000, 0x0000000100000000)
  region size 1024K, 1 young (1024K), 1 survivors (1024K)
 Metaspace       used 96460K, committed 97088K, reserved 1138688K
  class space    used 12796K, committed 13120K, reserved 1048576K
}
Event: 175.513 GC heap before
{Heap before GC invocations=56 (full 0):
 garbage-first heap   total 199680K, used 160358K [0x0000000080000000, 0x0000000100000000)
  region size 1024K, 50 young (51200K), 1 survivors (1024K)
 Metaspace       used 96801K, committed 97536K, reserved 1138688K
  class space    used 12813K, committed 13184K, reserved 1048576K
}
Event: 175.523 GC heap after
{Heap after GC invocations=57 (full 0):
 garbage-first heap   total 199680K, used 112223K [0x0000000080000000, 0x0000000100000000)
  region size 1024K, 3 young (3072K), 3 survivors (3072K)
 Metaspace       used 96801K, committed 97536K, reserved 1138688K
  class space    used 12813K, committed 13184K, reserved 1048576K
}
Event: 176.930 GC heap before
{Heap before GC invocations=58 (full 0):
 garbage-first heap   total 201728K, used 161375K [0x0000000080000000, 0x0000000100000000)
  region size 1024K, 52 young (53248K), 3 survivors (3072K)
 Metaspace       used 97128K, committed 97792K, reserved 1138688K
  class space    used 12820K, committed 13184K, reserved 1048576K
}
Event: 176.948 GC heap after
{Heap after GC invocations=59 (full 0):
 garbage-first heap   total 201728K, used 120547K [0x0000000080000000, 0x0000000100000000)
  region size 1024K, 7 young (7168K), 7 survivors (7168K)
 Metaspace       used 97128K, committed 97792K, reserved 1138688K
  class space    used 12820K, committed 13184K, reserved 1048576K
}
Event: 177.194 GC heap before
{Heap before GC invocations=59 (full 0):
 garbage-first heap   total 201728K, used 122595K [0x0000000080000000, 0x0000000100000000)
  region size 1024K, 9 young (9216K), 7 survivors (7168K)
 Metaspace       used 97128K, committed 97792K, reserved 1138688K
  class space    used 12820K, committed 13184K, reserved 1048576K
}

