# JRE version: OpenJDK Runtime Environment (17.0.6) (build 17.0.6+0-b2043.56-10027231)
# Java VM: OpenJDK 64-Bit Server VM (17.0.6+0-b2043.56-10027231, mixed mode, tiered, compressed oops, compressed class ptrs, g1 gc, windows-amd64)
GC Precious Log:
 CPUs: 8 total, 8 available
 Memory: 8066M
 Large Page Support: Disabled
 NUMA Support: Disabled
 Compressed Oops: Enabled (32-bit)
 Heap Region Size: 1M
 Heap Min Capacity: 8M
 Heap Initial Capacity: 128M
 Heap Max Capacity: 2G
 Pre-touch: Disabled
 Parallel Workers: 8
 Concurrent Workers: 2
 Concurrent Refinement Workers: 8
 Periodic GC: Disabled
Heap:
 garbage-first heap   total 132096K, used 72229K [0x0000000080000000, 0x0000000100000000)
  region size 1024K, 13 young (13312K), 4 survivors (4096K)
 Metaspace       used 79576K, committed 80128K, reserved 1122304K
  class space    used 10724K, committed 11008K, reserved 1048576K
GC Heap History (20 events):
Event: 5.701 GC heap before
{Heap before GC invocations=17 (full 0):
 garbage-first heap   total 83968K, used 60470K [0x0000000080000000, 0x0000000100000000)
  region size 1024K, 17 young (17408K), 2 survivors (2048K)
 Metaspace       used 54759K, committed 55232K, reserved 1097728K
  class space    used 7186K, committed 7424K, reserved 1048576K
}
Event: 5.704 GC heap after
{Heap after GC invocations=18 (full 0):
 garbage-first heap   total 83968K, used 45721K [0x0000000080000000, 0x0000000100000000)
  region size 1024K, 2 young (2048K), 2 survivors (2048K)
 Metaspace       used 54759K, committed 55232K, reserved 1097728K
  class space    used 7186K, committed 7424K, reserved 1048576K
}
Event: 6.046 GC heap before
{Heap before GC invocations=18 (full 0):
 garbage-first heap   total 83968K, used 65177K [0x0000000080000000, 0x0000000100000000)
  region size 1024K, 21 young (21504K), 2 survivors (2048K)
 Metaspace       used 58261K, committed 58688K, reserved 1105920K
  class space    used 7620K, committed 7808K, reserved 1048576K
}
Event: 6.049 GC heap after
{Heap after GC invocations=19 (full 0):
 garbage-first heap   total 101376K, used 46523K [0x0000000080000000, 0x0000000100000000)
  region size 1024K, 2 young (2048K), 2 survivors (2048K)
 Metaspace       used 58261K, committed 58688K, reserved 1105920K
  class space    used 7620K, committed 7808K, reserved 1048576K
}
Event: 6.622 GC heap before
{Heap before GC invocations=20 (full 0):
 garbage-first heap   total 101376K, used 78267K [0x0000000080000000, 0x0000000100000000)
  region size 1024K, 34 young (34816K), 2 survivors (2048K)
 Metaspace       used 63258K, committed 63744K, reserved 1105920K
  class space    used 8273K, committed 8512K, reserved 1048576K
}
Event: 6.628 GC heap after
{Heap after GC invocations=21 (full 0):
 garbage-first heap   total 101376K, used 49809K [0x0000000080000000, 0x0000000100000000)
  region size 1024K, 5 young (5120K), 5 survivors (5120K)
 Metaspace       used 63258K, committed 63744K, reserved 1105920K
  class space    used 8273K, committed 8512K, reserved 1048576K
}
Event: 6.914 GC heap before
{Heap before GC invocations=21 (full 0):
 garbage-first heap   total 101376K, used 72337K [0x0000000080000000, 0x0000000100000000)
  region size 1024K, 28 young (28672K), 5 survivors (5120K)
 Metaspace       used 65295K, committed 65728K, reserved 1114112K
  class space    used 8504K, committed 8704K, reserved 1048576K
}
Event: 6.919 GC heap after
{Heap after GC invocations=22 (full 0):
 garbage-first heap   total 101376K, used 51911K [0x0000000080000000, 0x0000000100000000)
  region size 1024K, 3 young (3072K), 3 survivors (3072K)
 Metaspace       used 65295K, committed 65728K, reserved 1114112K
  class space    used 8504K, committed 8704K, reserved 1048576K
}
Event: 7.203 GC heap before
{Heap before GC invocations=23 (full 0):
 garbage-first heap   total 101376K, used 80583K [0x0000000080000000, 0x0000000100000000)
  region size 1024K, 30 young (30720K), 3 survivors (3072K)
 Metaspace       used 66107K, committed 66560K, reserved 1114112K
  class space    used 8638K, committed 8832K, reserved 1048576K
}
Event: 7.207 GC heap after
{Heap after GC invocations=24 (full 0):
 garbage-first heap   total 101376K, used 53864K [0x0000000080000000, 0x0000000100000000)
  region size 1024K, 4 young (4096K), 4 survivors (4096K)
 Metaspace       used 66107K, committed 66560K, reserved 1114112K
  class space    used 8638K, committed 8832K, reserved 1048576K
}
Event: 7.574 GC heap before
{Heap before GC invocations=24 (full 0):
 garbage-first heap   total 101376K, used 81512K [0x0000000080000000, 0x0000000100000000)
  region size 1024K, 31 young (31744K), 4 survivors (4096K)
 Metaspace       used 68637K, committed 69120K, reserved 1114112K
  class space    used 9055K, committed 9280K, reserved 1048576K
}
Event: 7.581 GC heap after
{Heap after GC invocations=25 (full 0):
 garbage-first heap   total 101376K, used 55872K [0x0000000080000000, 0x0000000100000000)
  region size 1024K, 3 young (3072K), 3 survivors (3072K)
 Metaspace       used 68637K, committed 69120K, reserved 1114112K
  class space    used 9055K, committed 9280K, reserved 1048576K
}
Event: 7.997 GC heap before
{Heap before GC invocations=26 (full 0):
 garbage-first heap   total 102400K, used 79424K [0x0000000080000000, 0x0000000100000000)
  region size 1024K, 27 young (27648K), 3 survivors (3072K)
 Metaspace       used 71624K, committed 72128K, reserved 1114112K
  class space    used 9576K, committed 9792K, reserved 1048576K
}
Event: 8.001 GC heap after
{Heap after GC invocations=27 (full 0):
 garbage-first heap   total 102400K, used 57423K [0x0000000080000000, 0x0000000100000000)
  region size 1024K, 4 young (4096K), 4 survivors (4096K)
 Metaspace       used 71624K, committed 72128K, reserved 1114112K
  class space    used 9576K, committed 9792K, reserved 1048576K
}
Event: 8.368 GC heap before
{Heap before GC invocations=27 (full 0):
 garbage-first heap   total 102400K, used 81999K [0x0000000080000000, 0x0000000100000000)
  region size 1024K, 29 young (29696K), 4 survivors (4096K)
 Metaspace       used 73754K, committed 74240K, reserved 1114112K
  class space    used 9917K, committed 10112K, reserved 1048576K
}
Event: 8.374 GC heap after
{Heap after GC invocations=28 (full 0):
 garbage-first heap   total 102400K, used 59321K [0x0000000080000000, 0x0000000100000000)
  region size 1024K, 4 young (4096K), 4 survivors (4096K)
 Metaspace       used 73754K, committed 74240K, reserved 1114112K
  class space    used 9917K, committed 10112K, reserved 1048576K
}
Event: 8.797 GC heap before
{Heap before GC invocations=29 (full 0):
 garbage-first heap   total 109568K, used 83897K [0x0000000080000000, 0x0000000100000000)
  region size 1024K, 28 young (28672K), 4 survivors (4096K)
 Metaspace       used 76679K, committed 77184K, reserved 1122304K
  class space    used 10369K, committed 10624K, reserved 1048576K
}
Event: 8.802 GC heap after
{Heap after GC invocations=30 (full 0):
 garbage-first heap   total 109568K, used 60986K [0x0000000080000000, 0x0000000100000000)
  region size 1024K, 4 young (4096K), 4 survivors (4096K)
 Metaspace       used 76679K, committed 77184K, reserved 1122304K
  class space    used 10369K, committed 10624K, reserved 1048576K
}
Event: 9.247 GC heap before
{Heap before GC invocations=30 (full 0):
 garbage-first heap   total 109568K, used 89658K [0x0000000080000000, 0x0000000100000000)
  region size 1024K, 32 young (32768K), 4 survivors (4096K)
 Metaspace       used 79558K, committed 80128K, reserved 1122304K
  class space    used 10724K, committed 11008K, reserved 1048576K
}
Event: 9.256 GC heap after
{Heap after GC invocations=31 (full 0):
 garbage-first heap   total 132096K, used 64037K [0x0000000080000000, 0x0000000100000000)
  region size 1024K, 4 young (4096K), 4 survivors (4096K)
 Metaspace       used 79558K, committed 80128K, reserved 1122304K
  class space    used 10724K, committed 11008K, reserved 1048576K
}

