# JRE version: OpenJDK Runtime Environment (17.0.6) (build 17.0.6+0-b2043.56-10027231)
# Java VM: OpenJDK 64-Bit Server VM (17.0.6+0-b2043.56-10027231, mixed mode, tiered, compressed oops, compressed class ptrs, g1 gc, windows-amd64)
GC Precious Log:
 CPUs: 8 total, 8 available
 Memory: 8066M
 Large Page Support: Disabled
 NUMA Support: Disabled
 Compressed Oops: Enabled (32-bit)
 Heap Region Size: 1M
 Heap Min Capacity: 8M
 Heap Initial Capacity: 128M
 Heap Max Capacity: 2G
 Pre-touch: Disabled
 Parallel Workers: 8
 Concurrent Workers: 2
 Concurrent Refinement Workers: 8
 Periodic GC: Disabled
Heap:
 garbage-first heap   total 126976K, used 94512K [0x0000000080000000, 0x0000000100000000)
  region size 1024K, 25 young (25600K), 3 survivors (3072K)
 Metaspace       used 82492K, committed 83072K, reserved 1122304K
  class space    used 11273K, committed 11520K, reserved 1048576K
GC Heap History (20 events):
Event: 15.422 GC heap before
{Heap before GC invocations=24 (full 0):
 garbage-first heap   total 101376K, used 63459K [0x0000000080000000, 0x0000000100000000)
  region size 1024K, 16 young (16384K), 2 survivors (2048K)
 Metaspace       used 65487K, committed 65920K, reserved 1114112K
  class space    used 8532K, committed 8704K, reserved 1048576K
}
Event: 15.427 GC heap after
{Heap after GC invocations=25 (full 0):
 garbage-first heap   total 101376K, used 51201K [0x0000000080000000, 0x0000000100000000)
  region size 1024K, 3 young (3072K), 3 survivors (3072K)
 Metaspace       used 65487K, committed 65920K, reserved 1114112K
  class space    used 8532K, committed 8704K, reserved 1048576K
}
Event: 16.212 GC heap before
{Heap before GC invocations=26 (full 0):
 garbage-first heap   total 101376K, used 81921K [0x0000000080000000, 0x0000000100000000)
  region size 1024K, 32 young (32768K), 3 survivors (3072K)
 Metaspace       used 66296K, committed 66688K, reserved 1114112K
  class space    used 8668K, committed 8832K, reserved 1048576K
}
Event: 16.218 GC heap after
{Heap after GC invocations=27 (full 0):
 garbage-first heap   total 101376K, used 53351K [0x0000000080000000, 0x0000000100000000)
  region size 1024K, 4 young (4096K), 4 survivors (4096K)
 Metaspace       used 66296K, committed 66688K, reserved 1114112K
  class space    used 8668K, committed 8832K, reserved 1048576K
}
Event: 17.318 GC heap before
{Heap before GC invocations=27 (full 0):
 garbage-first heap   total 101376K, used 82023K [0x0000000080000000, 0x0000000100000000)
  region size 1024K, 32 young (32768K), 4 survivors (4096K)
 Metaspace       used 69374K, committed 69824K, reserved 1114112K
  class space    used 9192K, committed 9408K, reserved 1048576K
}
Event: 17.327 GC heap after
{Heap after GC invocations=28 (full 0):
 garbage-first heap   total 101376K, used 55550K [0x0000000080000000, 0x0000000100000000)
  region size 1024K, 3 young (3072K), 3 survivors (3072K)
 Metaspace       used 69374K, committed 69824K, reserved 1114112K
  class space    used 9192K, committed 9408K, reserved 1048576K
}
Event: 18.233 GC heap before
{Heap before GC invocations=29 (full 0):
 garbage-first heap   total 101376K, used 82174K [0x0000000080000000, 0x0000000100000000)
  region size 1024K, 29 young (29696K), 3 survivors (3072K)
 Metaspace       used 72408K, committed 72896K, reserved 1114112K
  class space    used 9709K, committed 9920K, reserved 1048576K
}
Event: 18.244 GC heap after
{Heap after GC invocations=30 (full 0):
 garbage-first heap   total 101376K, used 57781K [0x0000000080000000, 0x0000000100000000)
  region size 1024K, 4 young (4096K), 4 survivors (4096K)
 Metaspace       used 72408K, committed 72896K, reserved 1114112K
  class space    used 9709K, committed 9920K, reserved 1048576K
}
Event: 19.052 GC heap before
{Heap before GC invocations=30 (full 0):
 garbage-first heap   total 101376K, used 82357K [0x0000000080000000, 0x0000000100000000)
  region size 1024K, 28 young (28672K), 4 survivors (4096K)
 Metaspace       used 75205K, committed 75776K, reserved 1114112K
  class space    used 10154K, committed 10432K, reserved 1048576K
}
Event: 19.059 GC heap after
{Heap after GC invocations=31 (full 0):
 garbage-first heap   total 101376K, used 59350K [0x0000000080000000, 0x0000000100000000)
  region size 1024K, 2 young (2048K), 2 survivors (2048K)
 Metaspace       used 75205K, committed 75776K, reserved 1114112K
  class space    used 10154K, committed 10432K, reserved 1048576K
}
Event: 20.127 GC heap before
{Heap before GC invocations=32 (full 0):
 garbage-first heap   total 107520K, used 81878K [0x0000000080000000, 0x0000000100000000)
  region size 1024K, 24 young (24576K), 2 survivors (2048K)
 Metaspace       used 78382K, committed 78912K, reserved 1122304K
  class space    used 10588K, committed 10816K, reserved 1048576K
}
Event: 20.134 GC heap after
{Heap after GC invocations=33 (full 0):
 garbage-first heap   total 107520K, used 60774K [0x0000000080000000, 0x0000000100000000)
  region size 1024K, 3 young (3072K), 3 survivors (3072K)
 Metaspace       used 78382K, committed 78912K, reserved 1122304K
  class space    used 10588K, committed 10816K, reserved 1048576K
}
Event: 20.920 GC heap before
{Heap before GC invocations=33 (full 0):
 garbage-first heap   total 107520K, used 88422K [0x0000000080000000, 0x0000000100000000)
  region size 1024K, 30 young (30720K), 3 survivors (3072K)
 Metaspace       used 79743K, committed 80256K, reserved 1122304K
  class space    used 10757K, committed 11008K, reserved 1048576K
}
Event: 20.929 GC heap after
{Heap after GC invocations=34 (full 0):
 garbage-first heap   total 107520K, used 64132K [0x0000000080000000, 0x0000000100000000)
  region size 1024K, 4 young (4096K), 4 survivors (4096K)
 Metaspace       used 79743K, committed 80256K, reserved 1122304K
  class space    used 10757K, committed 11008K, reserved 1048576K
}
Event: 21.307 GC heap before
{Heap before GC invocations=35 (full 0):
 garbage-first heap   total 122880K, used 86660K [0x0000000080000000, 0x0000000100000000)
  region size 1024K, 26 young (26624K), 4 survivors (4096K)
 Metaspace       used 79783K, committed 80256K, reserved 1122304K
  class space    used 10761K, committed 11008K, reserved 1048576K
}
Event: 21.318 GC heap after
{Heap after GC invocations=36 (full 0):
 garbage-first heap   total 122880K, used 68488K [0x0000000080000000, 0x0000000100000000)
  region size 1024K, 4 young (4096K), 4 survivors (4096K)
 Metaspace       used 79783K, committed 80256K, reserved 1122304K
  class space    used 10761K, committed 11008K, reserved 1048576K
}
Event: 22.682 GC heap before
{Heap before GC invocations=36 (full 0):
 garbage-first heap   total 122880K, used 99208K [0x0000000080000000, 0x0000000100000000)
  region size 1024K, 34 young (34816K), 4 survivors (4096K)
 Metaspace       used 82014K, committed 82624K, reserved 1122304K
  class space    used 11224K, committed 11520K, reserved 1048576K
}
Event: 22.698 GC heap after
{Heap after GC invocations=37 (full 0):
 garbage-first heap   total 122880K, used 71847K [0x0000000080000000, 0x0000000100000000)
  region size 1024K, 4 young (4096K), 4 survivors (4096K)
 Metaspace       used 82014K, committed 82624K, reserved 1122304K
  class space    used 11224K, committed 11520K, reserved 1048576K
}
Event: 23.368 GC heap before
{Heap before GC invocations=38 (full 0):
 garbage-first heap   total 126976K, used 97447K [0x0000000080000000, 0x0000000100000000)
  region size 1024K, 30 young (30720K), 4 survivors (4096K)
 Metaspace       used 82283K, committed 82880K, reserved 1122304K
  class space    used 11266K, committed 11520K, reserved 1048576K
}
Event: 23.375 GC heap after
{Heap after GC invocations=39 (full 0):
 garbage-first heap   total 126976K, used 74032K [0x0000000080000000, 0x0000000100000000)
  region size 1024K, 3 young (3072K), 3 survivors (3072K)
 Metaspace       used 82283K, committed 82880K, reserved 1122304K
  class space    used 11266K, committed 11520K, reserved 1048576K
}

